<?xml version="1.0" encoding="UTF-8"?>
<testsuite name="TestPersonne" tests="2" skipped="0" failures="0" errors="0" timestamp="2022-10-13T17:16:00" hostname="pop-os" time="0.027">
  <properties/>
  <testcase name="batman()" classname="TestPersonne" time="0.024"/>
  <testcase name="ironman()" classname="TestPersonne" time="0.002"/>
  <system-out><![CDATA[]]></system-out>
  <system-err><![CDATA[]]></system-err>
</testsuite>
