<?xml version="1.0" encoding="UTF-8"?>
<testsuite name="TestDateValide" tests="2" skipped="0" failures="0" errors="0" timestamp="2022-10-19T15:43:02" hostname="pop-os" time="0.023">
  <properties/>
  <testcase name="test()" classname="TestDateValide" time="0.021"/>
  <testcase name="test2()" classname="TestDateValide" time="0.001"/>
  <system-out><![CDATA[]]></system-out>
  <system-err><![CDATA[]]></system-err>
</testsuite>
