<?xml version="1.0" encoding="UTF-8"?>
<testsuite name="TestHistorique" tests="2" skipped="0" failures="0" errors="0" timestamp="2022-10-19T15:43:02" hostname="pop-os" time="0.009">
  <properties/>
  <testcase name="testHisto()" classname="TestHistorique" time="0.008"/>
  <testcase name="testHisto2()" classname="TestHistorique" time="0.001"/>
  <system-out><![CDATA[]]></system-out>
  <system-err><![CDATA[]]></system-err>
</testsuite>
