<?xml version="1.0" encoding="UTF-8"?>
<testsuite name="TestHistoriqueTrie" tests="3" skipped="0" failures="0" errors="0" timestamp="2022-10-19T15:43:02" hostname="pop-os" time="0.004">
  <properties/>
  <testcase name="testHisto()" classname="TestHistoriqueTrie" time="0.002"/>
  <testcase name="testHisto_sansEffetDeBord()" classname="TestHistoriqueTrie" time="0.001"/>
  <testcase name="testHisto2()" classname="TestHistoriqueTrie" time="0.001"/>
  <system-out><![CDATA[]]></system-out>
  <system-err><![CDATA[]]></system-err>
</testsuite>
